<?xml version="1.0" encoding="UTF-8"?>
<!-- Generated by org.testng.reporters.JUnitXMLReporter -->
<testsuite ignored="0" hostname="AR-IT18304" failures="0" tests="7" name="Default test" time="8.78" errors="0" timestamp="2023-01-19T12:03:23 ART">
  <testcase classname="Edit.SauceDemo.asignacionClase7" name="logIn" time="0.274"/>
  <testcase classname="Edit.SauceDemo.asignacionClase7" name="logIn" time="0.198"/>
  <testcase classname="Edit.SauceDemo.asignacionClase7" name="logIn" time="0.178"/>
  <testcase classname="Edit.SauceDemo.asignacionClase7" name="logIn" time="0.185"/>
  <testcase classname="Edit.SauceDemo.asignacionClase7" name="logIn" time="0.179"/>
  <testcase classname="Edit.SauceDemo.asignacionClase7" name="logIn" time="0.323"/>
  <testcase classname="Edit.SauceDemo.asignacionClase7" name="compraCarrito" time="7.065"/>
</testsuite> <!-- Default test -->
