<?xml version="1.0" encoding="UTF-8"?>
<!-- Generated by org.testng.reporters.JUnitXMLReporter -->
<testsuite ignored="0" hostname="AR-IT18304" failures="0" tests="3" name="Test" time="20.51" errors="0" timestamp="2023-01-19T12:28:50 ART">
  <testcase classname="Edit.SauceDemo.Asignacion2" name="hacerBusquedaEnChrome" time="1.459"/>
  <testcase classname="Edit.SauceDemo.AppTest" name="shouldAnswerWithTrue" time="0.004"/>
  <testcase classname="Edit.SauceDemo.Asignacion4" name="crearUsuario" time="18.982"/>
</testsuite> <!-- Test -->
