<?xml version="1.0" encoding="UTF-8"?>
<testng-results ignored="0" total="3" passed="3" failed="0" skipped="0">
  <reporter-output>
  </reporter-output>
  <suite started-at="2023-01-19T12:28:29 ART" name="Suite" finished-at="2023-01-19T12:28:50 ART" duration-ms="20510">
    <groups>
    </groups>
    <test started-at="2023-01-19T12:28:29 ART" name="Test" finished-at="2023-01-19T12:28:50 ART" duration-ms="20510">
      <class name="Edit.SauceDemo.AppTest">
        <test-method signature="shouldAnswerWithTrue()[pri:0, instance:Edit.SauceDemo.AppTest@4f80542f]" started-at="2023-01-19T12:28:31 ART" name="shouldAnswerWithTrue" finished-at="2023-01-19T12:28:31 ART" duration-ms="4" status="PASS">
          <reporter-output>
          </reporter-output>
        </test-method> <!-- shouldAnswerWithTrue -->
      </class> <!-- Edit.SauceDemo.AppTest -->
      <class name="Edit.SauceDemo.Asignacion2">
        <test-method signature="hacerBusquedaEnChrome()[pri:0, instance:Edit.SauceDemo.Asignacion2@6bd61f98]" started-at="2023-01-19T12:28:29 ART" name="hacerBusquedaEnChrome" finished-at="2023-01-19T12:28:31 ART" duration-ms="1459" status="PASS">
          <reporter-output>
          </reporter-output>
        </test-method> <!-- hacerBusquedaEnChrome -->
      </class> <!-- Edit.SauceDemo.Asignacion2 -->
      <class name="Edit.SauceDemo.Asignacion4">
        <test-method is-config="true" signature="abrirNavegador()[pri:0, instance:Edit.SauceDemo.Asignacion4@d86a6f]" started-at="2023-01-19T12:28:21 ART" name="abrirNavegador" finished-at="2023-01-19T12:28:29 ART" duration-ms="8291" status="PASS">
          <reporter-output>
          </reporter-output>
        </test-method> <!-- abrirNavegador -->
        <test-method signature="crearUsuario()[pri:0, instance:Edit.SauceDemo.Asignacion4@d86a6f]" started-at="2023-01-19T12:28:31 ART" name="crearUsuario" description="Click en Sign In y Create an Account" finished-at="2023-01-19T12:28:50 ART" duration-ms="18982" status="PASS">
          <reporter-output>
          </reporter-output>
        </test-method> <!-- crearUsuario -->
      </class> <!-- Edit.SauceDemo.Asignacion4 -->
    </test> <!-- Test -->
  </suite> <!-- Suite -->
</testng-results>
